<?xml version="1.0" ?>
<coverage version="7.13.3" timestamp="1770575761808" lines-valid="10073" lines-covered="2881" line-rate="0.286" branches-valid="2452" branches-covered="137" branch-rate="0.05587" complexity="0">
	<!-- Generated by coverage.py: https://coverage.readthedocs.io/en/7.13.3 -->
	<!-- Based on https://raw.githubusercontent.com/cobertura/web/master/htdocs/xml/coverage-04.dtd -->
	<sources>
		<source>/home/fgamajr/dev/gabi-kimi/src/gabi</source>
	</sources>
	<packages>
		<package name="." line-rate="0.5642" branch-rate="0.09574" complexity="0">
			<classes>
				<class name="__init__.py" filename="__init__.py" complexity="0" line-rate="1" branch-rate="1">
					<methods/>
					<lines>
						<line number="12" hits="1"/>
						<line number="14" hits="1"/>
					</lines>
				</class>
				<class name="config.py" filename="config.py" complexity="0" line-rate="0.9274" branch-rate="0.3">
					<methods/>
					<lines>
						<line number="12" hits="1"/>
						<line number="13" hits="1"/>
						<line number="14" hits="1"/>
						<line number="16" hits="1"/>
						<line number="19" hits="1"/>
						<line number="29" hits="1"/>
						<line number="37" hits="1"/>
						<line number="38" hits="1"/>
						<line number="39" hits="1"/>
						<line number="42" hits="1"/>
						<line number="43" hits="1"/>
						<line number="44" hits="1"/>
						<line number="45" hits="1"/>
						<line number="46" hits="1"/>
						<line number="48" hits="1"/>
						<line number="49" hits="1"/>
						<line number="50" hits="1"/>
						<line number="51" hits="1" branch="true" condition-coverage="50% (1/2)" missing-branches="52"/>
						<line number="52" hits="1"/>
						<line number="53" hits="1"/>
						<line number="56" hits="1"/>
						<line number="57" hits="1"/>
						<line number="58" hits="1"/>
						<line number="59" hits="1"/>
						<line number="60" hits="1"/>
						<line number="61" hits="1"/>
						<line number="64" hits="1"/>
						<line number="65" hits="1"/>
						<line number="66" hits="1"/>
						<line number="67" hits="1"/>
						<line number="68" hits="1"/>
						<line number="71" hits="1"/>
						<line number="72" hits="1"/>
						<line number="76" hits="1"/>
						<line number="77" hits="1"/>
						<line number="78" hits="1"/>
						<line number="79" hits="1"/>
						<line number="80" hits="1"/>
						<line number="81" hits="1"/>
						<line number="84" hits="1"/>
						<line number="85" hits="1"/>
						<line number="86" hits="1"/>
						<line number="87" hits="1"/>
						<line number="90" hits="1"/>
						<line number="91" hits="1"/>
						<line number="92" hits="1"/>
						<line number="96" hits="1"/>
						<line number="97" hits="1"/>
						<line number="98" hits="1"/>
						<line number="99" hits="1"/>
						<line number="100" hits="1"/>
						<line number="101" hits="1"/>
						<line number="102" hits="1"/>
						<line number="105" hits="1"/>
						<line number="106" hits="1"/>
						<line number="107" hits="1"/>
						<line number="108" hits="1"/>
						<line number="109" hits="1"/>
						<line number="110" hits="1"/>
						<line number="113" hits="1"/>
						<line number="114" hits="1"/>
						<line number="115" hits="1"/>
						<line number="118" hits="1"/>
						<line number="119" hits="1"/>
						<line number="120" hits="1"/>
						<line number="121" hits="1"/>
						<line number="122" hits="1"/>
						<line number="127" hits="1"/>
						<line number="128" hits="1"/>
						<line number="130" hits="1" branch="true" condition-coverage="50% (1/2)" missing-branches="131"/>
						<line number="131" hits="1"/>
						<line number="132" hits="1"/>
						<line number="135" hits="1"/>
						<line number="136" hits="1"/>
						<line number="137" hits="1"/>
						<line number="138" hits="1"/>
						<line number="139" hits="1"/>
						<line number="142" hits="1"/>
						<line number="148" hits="1"/>
						<line number="149" hits="1"/>
						<line number="150" hits="1"/>
						<line number="151" hits="1"/>
						<line number="154" hits="1"/>
						<line number="155" hits="1"/>
						<line number="156" hits="1"/>
						<line number="157" hits="1"/>
						<line number="158" hits="1"/>
						<line number="159" hits="1"/>
						<line number="162" hits="1"/>
						<line number="163" hits="1"/>
						<line number="164" hits="1"/>
						<line number="165" hits="1"/>
						<line number="168" hits="1"/>
						<line number="169" hits="1"/>
						<line number="172" hits="1"/>
						<line number="173" hits="1"/>
						<line number="174" hits="1"/>
						<line number="175" hits="1"/>
						<line number="178" hits="1"/>
						<line number="179" hits="1"/>
						<line number="180" hits="1"/>
						<line number="181" hits="1"/>
						<line number="183" hits="1"/>
						<line number="184" hits="1"/>
						<line number="186" hits="0"/>
						<line number="188" hits="1"/>
						<line number="189" hits="1"/>
						<line number="191" hits="0"/>
						<line number="193" hits="1"/>
						<line number="194" hits="1"/>
						<line number="196" hits="0"/>
						<line number="198" hits="1"/>
						<line number="199" hits="1"/>
						<line number="201" hits="0"/>
						<line number="203" hits="1"/>
						<line number="204" hits="1"/>
						<line number="206" hits="1" branch="true" condition-coverage="50% (1/2)" missing-branches="207"/>
						<line number="207" hits="0"/>
						<line number="208" hits="0" branch="true" condition-coverage="0% (0/2)" missing-branches="209,210"/>
						<line number="209" hits="0"/>
						<line number="210" hits="0" branch="true" condition-coverage="0% (0/2)" missing-branches="211,212"/>
						<line number="211" hits="0"/>
						<line number="212" hits="1"/>
						<line number="216" hits="1"/>
					</lines>
				</class>
				<class name="db.py" filename="db.py" complexity="0" line-rate="0.5" branch-rate="0.2308">
					<methods/>
					<lines>
						<line number="12" hits="1"/>
						<line number="13" hits="1"/>
						<line number="15" hits="1"/>
						<line number="22" hits="1"/>
						<line number="23" hits="1"/>
						<line number="26" hits="1"/>
						<line number="29" hits="1"/>
						<line number="32" hits="1"/>
						<line number="35" hits="1"/>
						<line number="37" hits="0"/>
						<line number="38" hits="0"/>
						<line number="40" hits="1"/>
						<line number="42" hits="0"/>
						<line number="44" hits="1"/>
						<line number="45" hits="0"/>
						<line number="47" hits="1"/>
						<line number="48" hits="0"/>
						<line number="55" hits="1"/>
						<line number="58" hits="1"/>
						<line number="61" hits="1"/>
						<line number="69" hits="1"/>
						<line number="71" hits="0" branch="true" condition-coverage="0% (0/2)" missing-branches="72,73"/>
						<line number="72" hits="0"/>
						<line number="73" hits="0"/>
						<line number="75" hits="1"/>
						<line number="77" hits="0" branch="true" condition-coverage="0% (0/2)" missing-branches="78,79"/>
						<line number="78" hits="0"/>
						<line number="79" hits="0"/>
						<line number="83" hits="1"/>
						<line number="86" hits="1"/>
						<line number="95" hits="0" branch="true" condition-coverage="0% (0/2)" missing-branches="96,98"/>
						<line number="96" hits="0"/>
						<line number="97" hits="0"/>
						<line number="98" hits="0"/>
						<line number="101" hits="1"/>
						<line number="110" hits="0" branch="true" condition-coverage="0% (0/2)" missing-branches="111,113"/>
						<line number="111" hits="0"/>
						<line number="112" hits="0"/>
						<line number="113" hits="0"/>
						<line number="117" hits="1"/>
						<line number="120" hits="1"/>
						<line number="129" hits="1" branch="true" condition-coverage="50% (1/2)" missing-branches="130"/>
						<line number="130" hits="0"/>
						<line number="131" hits="1"/>
						<line number="134" hits="1"/>
						<line number="151" hits="1" branch="true" condition-coverage="50% (1/2)" missing-branches="152"/>
						<line number="152" hits="0"/>
						<line number="154" hits="1"/>
						<line number="156" hits="1"/>
						<line number="166" hits="1"/>
						<line number="169" hits="1"/>
						<line number="178" hits="1" branch="true" condition-coverage="50% (1/2)" missing-branches="179"/>
						<line number="179" hits="0"/>
						<line number="180" hits="1"/>
						<line number="183" hits="1"/>
						<line number="196" hits="1"/>
						<line number="209" hits="1"/>
						<line number="210" hits="1"/>
						<line number="229" hits="0" branch="true" condition-coverage="0% (0/2)" missing-branches="230,232"/>
						<line number="230" hits="0"/>
						<line number="232" hits="0"/>
						<line number="233" hits="0"/>
						<line number="234" hits="0"/>
						<line number="235" hits="0"/>
						<line number="236" hits="0"/>
						<line number="237" hits="0"/>
						<line number="238" hits="0"/>
						<line number="240" hits="0"/>
						<line number="243" hits="1"/>
						<line number="244" hits="1"/>
						<line number="257" hits="1" branch="true" condition-coverage="50% (1/2)" missing-branches="258"/>
						<line number="258" hits="0"/>
						<line number="260" hits="1"/>
						<line number="261" hits="1"/>
						<line number="262" hits="1"/>
						<line number="264" hits="1"/>
						<line number="271" hits="1"/>
						<line number="282" hits="1" branch="true" condition-coverage="100% (2/2)"/>
						<line number="283" hits="1"/>
						<line number="285" hits="1"/>
						<line number="286" hits="1"/>
						<line number="289" hits="1"/>
						<line number="297" hits="1"/>
						<line number="299" hits="1"/>
						<line number="300" hits="1"/>
						<line number="301" hits="0"/>
						<line number="304" hits="1"/>
						<line number="314" hits="0" branch="true" condition-coverage="0% (0/2)" missing-branches="315,319"/>
						<line number="315" hits="0"/>
						<line number="316" hits="0"/>
						<line number="317" hits="0"/>
						<line number="319" hits="0" branch="true" condition-coverage="0% (0/2)" missing-branches="exit,320"/>
						<line number="320" hits="0"/>
						<line number="321" hits="0"/>
						<line number="328" hits="1"/>
						<line number="340" hits="1"/>
						<line number="347" hits="0"/>
						<line number="349" hits="1"/>
						<line number="350" hits="1"/>
						<line number="359" hits="0"/>
						<line number="360" hits="0"/>
						<line number="362" hits="1"/>
						<line number="363" hits="1"/>
						<line number="371" hits="0"/>
						<line number="372" hits="0"/>
						<line number="374" hits="1"/>
						<line number="380" hits="0"/>
						<line number="381" hits="0"/>
						<line number="383" hits="1"/>
						<line number="392" hits="0"/>
						<line number="393" hits="0"/>
						<line number="394" hits="0"/>
						<line number="396" hits="1"/>
						<line number="405" hits="0"/>
						<line number="406" hits="0"/>
						<line number="407" hits="0"/>
						<line number="414" hits="1"/>
						<line number="429" hits="0" branch="true" condition-coverage="0% (0/2)" missing-branches="430,432"/>
						<line number="430" hits="0"/>
						<line number="432" hits="0"/>
						<line number="433" hits="0"/>
						<line number="434" hits="0"/>
						<line number="435" hits="0"/>
						<line number="436" hits="0"/>
						<line number="437" hits="0"/>
						<line number="438" hits="0"/>
						<line number="440" hits="0"/>
						<line number="447" hits="1"/>
					</lines>
				</class>
				<class name="dependencies.py" filename="dependencies.py" complexity="0" line-rate="0.3913" branch-rate="1">
					<methods/>
					<lines>
						<line number="12" hits="1"/>
						<line number="14" hits="1"/>
						<line number="15" hits="1"/>
						<line number="16" hits="1"/>
						<line number="18" hits="1"/>
						<line number="21" hits="1"/>
						<line number="38" hits="0"/>
						<line number="40" hits="0"/>
						<line number="41" hits="0"/>
						<line number="42" hits="0"/>
						<line number="43" hits="0"/>
						<line number="44" hits="0"/>
						<line number="45" hits="0"/>
						<line number="46" hits="0"/>
						<line number="48" hits="0"/>
						<line number="51" hits="1"/>
						<line number="66" hits="0"/>
						<line number="67" hits="0"/>
						<line number="70" hits="1"/>
						<line number="85" hits="0"/>
						<line number="88" hits="1"/>
						<line number="104" hits="0"/>
						<line number="105" hits="0"/>
					</lines>
				</class>
				<class name="exceptions.py" filename="exceptions.py" complexity="0" line-rate="0.9635" branch-rate="1">
					<methods/>
					<lines>
						<line number="7" hits="1"/>
						<line number="8" hits="1"/>
						<line number="15" hits="1"/>
						<line number="25" hits="1"/>
						<line number="26" hits="1"/>
						<line number="28" hits="1"/>
						<line number="35" hits="0"/>
						<line number="36" hits="0"/>
						<line number="37" hits="0"/>
						<line number="38" hits="0"/>
						<line number="39" hits="0"/>
						<line number="40" hits="0"/>
						<line number="42" hits="1"/>
						<line number="44" hits="0"/>
						<line number="58" hits="1"/>
						<line number="60" hits="1"/>
						<line number="61" hits="1"/>
						<line number="64" hits="1"/>
						<line number="66" hits="1"/>
						<line number="67" hits="1"/>
						<line number="70" hits="1"/>
						<line number="72" hits="1"/>
						<line number="75" hits="1"/>
						<line number="77" hits="1"/>
						<line number="84" hits="1"/>
						<line number="86" hits="1"/>
						<line number="87" hits="1"/>
						<line number="90" hits="1"/>
						<line number="92" hits="1"/>
						<line number="93" hits="1"/>
						<line number="96" hits="1"/>
						<line number="98" hits="1"/>
						<line number="99" hits="1"/>
						<line number="102" hits="1"/>
						<line number="104" hits="1"/>
						<line number="105" hits="1"/>
						<line number="108" hits="1"/>
						<line number="110" hits="1"/>
						<line number="111" hits="1"/>
						<line number="118" hits="1"/>
						<line number="120" hits="1"/>
						<line number="121" hits="1"/>
						<line number="124" hits="1"/>
						<line number="126" hits="1"/>
						<line number="129" hits="1"/>
						<line number="131" hits="1"/>
						<line number="134" hits="1"/>
						<line number="136" hits="1"/>
						<line number="139" hits="1"/>
						<line number="141" hits="1"/>
						<line number="144" hits="1"/>
						<line number="146" hits="1"/>
						<line number="149" hits="1"/>
						<line number="151" hits="1"/>
						<line number="154" hits="1"/>
						<line number="156" hits="1"/>
						<line number="159" hits="1"/>
						<line number="161" hits="1"/>
						<line number="168" hits="1"/>
						<line number="170" hits="1"/>
						<line number="171" hits="1"/>
						<line number="174" hits="1"/>
						<line number="176" hits="1"/>
						<line number="177" hits="1"/>
						<line number="180" hits="1"/>
						<line number="182" hits="1"/>
						<line number="183" hits="1"/>
						<line number="186" hits="1"/>
						<line number="188" hits="1"/>
						<line number="189" hits="1"/>
						<line number="192" hits="1"/>
						<line number="194" hits="1"/>
						<line number="195" hits="1"/>
						<line number="202" hits="1"/>
						<line number="204" hits="1"/>
						<line number="205" hits="1"/>
						<line number="208" hits="1"/>
						<line number="210" hits="1"/>
						<line number="213" hits="1"/>
						<line number="215" hits="1"/>
						<line number="218" hits="1"/>
						<line number="220" hits="1"/>
						<line number="227" hits="1"/>
						<line number="229" hits="1"/>
						<line number="230" hits="1"/>
						<line number="233" hits="1"/>
						<line number="235" hits="1"/>
						<line number="236" hits="1"/>
						<line number="239" hits="1"/>
						<line number="241" hits="1"/>
						<line number="244" hits="1"/>
						<line number="246" hits="1"/>
						<line number="247" hits="1"/>
						<line number="254" hits="1"/>
						<line number="256" hits="1"/>
						<line number="257" hits="1"/>
						<line number="260" hits="1"/>
						<line number="262" hits="1"/>
						<line number="263" hits="1"/>
						<line number="266" hits="1"/>
						<line number="268" hits="1"/>
						<line number="269" hits="1"/>
						<line number="276" hits="1"/>
						<line number="278" hits="1"/>
						<line number="279" hits="1"/>
						<line number="282" hits="1"/>
						<line number="284" hits="1"/>
						<line number="285" hits="1"/>
						<line number="288" hits="1"/>
						<line number="290" hits="1"/>
						<line number="291" hits="1"/>
						<line number="294" hits="1"/>
						<line number="296" hits="1"/>
						<line number="297" hits="1"/>
						<line number="300" hits="1"/>
						<line number="302" hits="1"/>
						<line number="303" hits="1"/>
						<line number="310" hits="1"/>
						<line number="312" hits="1"/>
						<line number="313" hits="1"/>
						<line number="316" hits="1"/>
						<line number="318" hits="1"/>
						<line number="319" hits="1"/>
						<line number="322" hits="1"/>
						<line number="324" hits="1"/>
						<line number="325" hits="1"/>
						<line number="328" hits="1"/>
						<line number="330" hits="1"/>
						<line number="333" hits="1"/>
						<line number="335" hits="1"/>
						<line number="338" hits="1"/>
						<line number="340" hits="1"/>
						<line number="347" hits="1"/>
						<line number="349" hits="1"/>
						<line number="350" hits="1"/>
						<line number="353" hits="1"/>
						<line number="355" hits="1"/>
						<line number="356" hits="1"/>
						<line number="363" hits="1"/>
						<line number="365" hits="1"/>
						<line number="366" hits="1"/>
						<line number="369" hits="1"/>
						<line number="371" hits="1"/>
						<line number="372" hits="1"/>
						<line number="375" hits="1"/>
						<line number="377" hits="1"/>
						<line number="384" hits="1"/>
						<line number="386" hits="1"/>
						<line number="387" hits="1"/>
						<line number="390" hits="1"/>
						<line number="392" hits="1"/>
						<line number="395" hits="1"/>
						<line number="397" hits="1"/>
						<line number="400" hits="1"/>
						<line number="402" hits="1"/>
						<line number="405" hits="1"/>
						<line number="407" hits="1"/>
						<line number="408" hits="1"/>
						<line number="415" hits="1"/>
						<line number="417" hits="1"/>
						<line number="418" hits="1"/>
						<line number="421" hits="1"/>
						<line number="423" hits="1"/>
						<line number="424" hits="1"/>
						<line number="427" hits="1"/>
						<line number="429" hits="1"/>
						<line number="432" hits="1"/>
						<line number="434" hits="1"/>
						<line number="441" hits="1"/>
						<line number="443" hits="1"/>
						<line number="444" hits="1"/>
						<line number="447" hits="1"/>
						<line number="449" hits="1"/>
						<line number="450" hits="1"/>
						<line number="453" hits="1"/>
						<line number="455" hits="1"/>
						<line number="456" hits="1"/>
						<line number="459" hits="1"/>
						<line number="461" hits="1"/>
						<line number="462" hits="1"/>
						<line number="469" hits="1"/>
						<line number="471" hits="1"/>
						<line number="472" hits="1"/>
						<line number="475" hits="1"/>
						<line number="477" hits="1"/>
						<line number="478" hits="1"/>
						<line number="481" hits="1"/>
						<line number="483" hits="1"/>
						<line number="484" hits="1"/>
						<line number="487" hits="1"/>
						<line number="489" hits="1"/>
						<line number="490" hits="1"/>
					</lines>
				</class>
				<class name="logging_config.py" filename="logging_config.py" complexity="0" line-rate="0" branch-rate="0">
					<methods/>
					<lines>
						<line number="9" hits="0"/>
						<line number="10" hits="0"/>
						<line number="11" hits="0"/>
						<line number="12" hits="0"/>
						<line number="13" hits="0"/>
						<line number="14" hits="0"/>
						<line number="15" hits="0"/>
						<line number="17" hits="0"/>
						<line number="20" hits="0"/>
						<line number="29" hits="0"/>
						<line number="34" hits="0"/>
						<line number="35" hits="0"/>
						<line number="36" hits="0"/>
						<line number="38" hits="0"/>
						<line number="40" hits="0"/>
						<line number="68" hits="0" branch="true" condition-coverage="0% (0/2)" missing-branches="69,71"/>
						<line number="69" hits="0"/>
						<line number="71" hits="0" branch="true" condition-coverage="0% (0/2)" missing-branches="72,74"/>
						<line number="72" hits="0"/>
						<line number="74" hits="0" branch="true" condition-coverage="0% (0/2)" missing-branches="75,77"/>
						<line number="75" hits="0"/>
						<line number="77" hits="0" branch="true" condition-coverage="0% (0/2)" missing-branches="78,80"/>
						<line number="78" hits="0"/>
						<line number="80" hits="0" branch="true" condition-coverage="0% (0/2)" missing-branches="81,84"/>
						<line number="81" hits="0"/>
						<line number="84" hits="0" branch="true" condition-coverage="0% (0/2)" missing-branches="85,93"/>
						<line number="85" hits="0"/>
						<line number="86" hits="0"/>
						<line number="93" hits="0" branch="true" condition-coverage="0% (0/2)" missing-branches="94,97"/>
						<line number="94" hits="0"/>
						<line number="97" hits="0" branch="true" condition-coverage="0% (0/2)" missing-branches="98,109"/>
						<line number="98" hits="0" branch="true" condition-coverage="0% (0/2)" missing-branches="97,99"/>
						<line number="99" hits="0" branch="true" condition-coverage="0% (0/2)" missing-branches="97,106"/>
						<line number="106" hits="0"/>
						<line number="109" hits="0"/>
						<line number="112" hits="0"/>
						<line number="126" hits="0"/>
						<line number="127" hits="0"/>
						<line number="128" hits="0"/>
						<line number="129" hits="0"/>
						<line number="131" hits="0"/>
						<line number="140" hits="0"/>
						<line number="141" hits="0" branch="true" condition-coverage="0% (0/2)" missing-branches="142,144"/>
						<line number="142" hits="0"/>
						<line number="144" hits="0"/>
						<line number="146" hits="0"/>
						<line number="148" hits="0"/>
						<line number="150" hits="0"/>
						<line number="152" hits="0"/>
						<line number="154" hits="0"/>
						<line number="156" hits="0"/>
						<line number="158" hits="0"/>
						<line number="165" hits="0"/>
						<line number="167" hits="0"/>
						<line number="174" hits="0"/>
						<line number="176" hits="0"/>
						<line number="178" hits="0"/>
						<line number="180" hits="0"/>
						<line number="186" hits="0"/>
						<line number="187" hits="0"/>
						<line number="188" hits="0"/>
						<line number="190" hits="0"/>
						<line number="197" hits="0"/>
						<line number="200" hits="0"/>
						<line number="203" hits="0"/>
						<line number="204" hits="0"/>
						<line number="205" hits="0"/>
						<line number="206" hits="0"/>
						<line number="208" hits="0"/>
						<line number="209" hits="0"/>
						<line number="210" hits="0"/>
						<line number="211" hits="0"/>
						<line number="213" hits="0"/>
						<line number="214" hits="0"/>
						<line number="217" hits="0"/>
						<line number="233" hits="0"/>
						<line number="234" hits="0"/>
						<line number="237" hits="0"/>
						<line number="238" hits="0"/>
						<line number="241" hits="0" branch="true" condition-coverage="0% (0/2)" missing-branches="242,245"/>
						<line number="242" hits="0"/>
						<line number="245" hits="0" branch="true" condition-coverage="0% (0/2)" missing-branches="246,248"/>
						<line number="246" hits="0"/>
						<line number="248" hits="0"/>
						<line number="253" hits="0"/>
						<line number="254" hits="0"/>
						<line number="255" hits="0"/>
						<line number="256" hits="0"/>
						<line number="259" hits="0" branch="true" condition-coverage="0% (0/2)" missing-branches="260,270"/>
						<line number="260" hits="0"/>
						<line number="265" hits="0"/>
						<line number="266" hits="0"/>
						<line number="267" hits="0"/>
						<line number="270" hits="0"/>
						<line number="271" hits="0"/>
						<line number="272" hits="0"/>
						<line number="276" hits="0"/>
						<line number="277" hits="0"/>
						<line number="280" hits="0"/>
						<line number="289" hits="0"/>
						<line number="292" hits="0"/>
						<line number="314" hits="0"/>
						<line number="324" hits="0" branch="true" condition-coverage="0% (0/2)" missing-branches="325,327"/>
						<line number="325" hits="0"/>
						<line number="327" hits="0"/>
						<line number="333" hits="0"/>
						<line number="351" hits="0"/>
						<line number="359" hits="0" branch="true" condition-coverage="0% (0/2)" missing-branches="360,362"/>
						<line number="360" hits="0"/>
						<line number="362" hits="0"/>
						<line number="365" hits="0"/>
						<line number="383" hits="0"/>
						<line number="392" hits="0" branch="true" condition-coverage="0% (0/2)" missing-branches="393,395"/>
						<line number="393" hits="0"/>
						<line number="395" hits="0"/>
						<line number="401" hits="0"/>
						<line number="407" hits="0"/>
						<line number="410" hits="0"/>
						<line number="411" hits="0"/>
						<line number="412" hits="0"/>
						<line number="413" hits="0"/>
						<line number="414" hits="0" branch="true" condition-coverage="0% (0/2)" missing-branches="415,419"/>
						<line number="415" hits="0"/>
						<line number="416" hits="0"/>
						<line number="417" hits="0"/>
						<line number="419" hits="0"/>
						<line number="426" hits="0"/>
					</lines>
				</class>
				<class name="main.py" filename="main.py" complexity="0" line-rate="0" branch-rate="0">
					<methods/>
					<lines>
						<line number="3" hits="0"/>
						<line number="4" hits="0"/>
						<line number="6" hits="0"/>
						<line number="7" hits="0"/>
						<line number="8" hits="0"/>
						<line number="9" hits="0"/>
						<line number="10" hits="0"/>
						<line number="12" hits="0"/>
						<line number="13" hits="0"/>
						<line number="14" hits="0"/>
						<line number="15" hits="0"/>
						<line number="16" hits="0"/>
						<line number="17" hits="0"/>
						<line number="18" hits="0"/>
						<line number="19" hits="0"/>
						<line number="20" hits="0"/>
						<line number="23" hits="0"/>
						<line number="24" hits="0"/>
						<line number="37" hits="0"/>
						<line number="38" hits="0"/>
						<line number="40" hits="0"/>
						<line number="43" hits="0"/>
						<line number="46" hits="0"/>
						<line number="60" hits="0"/>
						<line number="71" hits="0"/>
						<line number="72" hits="0"/>
						<line number="79" hits="0"/>
						<line number="82" hits="0"/>
						<line number="85" hits="0" branch="true" condition-coverage="0% (0/2)" missing-branches="86,92"/>
						<line number="86" hits="0"/>
						<line number="92" hits="0"/>
						<line number="101" hits="0" branch="true" condition-coverage="0% (0/2)" missing-branches="102,105"/>
						<line number="102" hits="0"/>
						<line number="105" hits="0" branch="true" condition-coverage="0% (0/2)" missing-branches="106,115"/>
						<line number="106" hits="0"/>
						<line number="115" hits="0"/>
						<line number="121" hits="0"/>
						<line number="122" hits="0"/>
						<line number="124" hits="0"/>
						<line number="135" hits="0"/>
						<line number="136" hits="0"/>
						<line number="138" hits="0"/>
						<line number="146" hits="0"/>
						<line number="150" hits="0"/>
					</lines>
				</class>
				<class name="metrics.py" filename="metrics.py" complexity="0" line-rate="0" branch-rate="0">
					<methods/>
					<lines>
						<line number="7" hits="0"/>
						<line number="8" hits="0"/>
						<line number="9" hits="0"/>
						<line number="10" hits="0"/>
						<line number="12" hits="0"/>
						<line number="22" hits="0"/>
						<line number="24" hits="0"/>
						<line number="32" hits="0"/>
						<line number="33" hits="0"/>
						<line number="39" hits="0"/>
						<line number="45" hits="0"/>
						<line number="52" hits="0"/>
						<line number="59" hits="0"/>
						<line number="67" hits="0"/>
						<line number="73" hits="0"/>
						<line number="84" hits="0"/>
						<line number="90" hits="0"/>
						<line number="97" hits="0"/>
						<line number="108" hits="0"/>
						<line number="114" hits="0"/>
						<line number="121" hits="0"/>
						<line number="127" hits="0"/>
						<line number="138" hits="0"/>
						<line number="143" hits="0"/>
						<line number="149" hits="0"/>
						<line number="161" hits="0"/>
						<line number="167" hits="0"/>
						<line number="173" hits="0"/>
						<line number="179" hits="0"/>
						<line number="186" hits="0"/>
						<line number="192" hits="0"/>
						<line number="203" hits="0"/>
						<line number="209" hits="0"/>
						<line number="215" hits="0"/>
						<line number="222" hits="0"/>
						<line number="228" hits="0"/>
						<line number="239" hits="0"/>
						<line number="245" hits="0"/>
						<line number="252" hits="0"/>
						<line number="259" hits="0"/>
						<line number="270" hits="0"/>
						<line number="276" hits="0"/>
						<line number="283" hits="0"/>
						<line number="289" hits="0"/>
						<line number="294" hits="0"/>
						<line number="301" hits="0"/>
						<line number="306" hits="0"/>
						<line number="312" hits="0"/>
						<line number="319" hits="0"/>
						<line number="325" hits="0"/>
						<line number="336" hits="0"/>
						<line number="342" hits="0"/>
						<line number="353" hits="0"/>
						<line number="359" hits="0"/>
						<line number="365" hits="0"/>
						<line number="371" hits="0"/>
						<line number="383" hits="0"/>
						<line number="389" hits="0"/>
						<line number="395" hits="0"/>
						<line number="401" hits="0"/>
						<line number="412" hits="0"/>
						<line number="415" hits="0"/>
						<line number="416" hits="0"/>
						<line number="427" hits="0"/>
						<line number="428" hits="0"/>
						<line number="429" hits="0"/>
						<line number="431" hits="0"/>
						<line number="432" hits="0"/>
						<line number="435" hits="0"/>
						<line number="436" hits="0"/>
						<line number="438" hits="0"/>
						<line number="439" hits="0"/>
						<line number="440" hits="0"/>
						<line number="441" hits="0"/>
						<line number="442" hits="0"/>
						<line number="443" hits="0"/>
						<line number="445" hits="0"/>
						<line number="446" hits="0"/>
						<line number="449" hits="0"/>
						<line number="456" hits="0"/>
						<line number="457" hits="0"/>
						<line number="459" hits="0"/>
						<line number="460" hits="0" branch="true" condition-coverage="0% (0/2)" missing-branches="461,464"/>
						<line number="461" hits="0"/>
						<line number="462" hits="0"/>
						<line number="464" hits="0"/>
						<line number="465" hits="0"/>
						<line number="468" hits="0"/>
						<line number="470" hits="0"/>
						<line number="471" hits="0"/>
						<line number="473" hits="0"/>
						<line number="475" hits="0"/>
						<line number="477" hits="0" branch="true" condition-coverage="0% (0/2)" missing-branches="478,479"/>
						<line number="478" hits="0"/>
						<line number="479" hits="0"/>
						<line number="481" hits="0"/>
						<line number="482" hits="0"/>
						<line number="484" hits="0"/>
						<line number="486" hits="0"/>
						<line number="492" hits="0"/>
						<line number="497" hits="0"/>
						<line number="499" hits="0"/>
						<line number="502" hits="0"/>
						<line number="503" hits="0"/>
						<line number="505" hits="0" branch="true" condition-coverage="0% (0/2)" missing-branches="506,516"/>
						<line number="506" hits="0" branch="true" condition-coverage="0% (0/2)" missing-branches="507,509"/>
						<line number="507" hits="0"/>
						<line number="509" hits="0" branch="true" condition-coverage="0% (0/2)" missing-branches="510,511"/>
						<line number="510" hits="0"/>
						<line number="511" hits="0" branch="true" condition-coverage="0% (0/2)" missing-branches="512,514"/>
						<line number="512" hits="0"/>
						<line number="514" hits="0"/>
						<line number="516" hits="0"/>
						<line number="523" hits="0"/>
						<line number="531" hits="0"/>
						<line number="533" hits="0" branch="true" condition-coverage="0% (0/2)" missing-branches="exit,534"/>
						<line number="534" hits="0"/>
						<line number="537" hits="0"/>
						<line number="553" hits="0"/>
						<line number="554" hits="0"/>
						<line number="555" hits="0"/>
						<line number="556" hits="0"/>
						<line number="559" hits="0"/>
						<line number="566" hits="0"/>
						<line number="569" hits="0"/>
						<line number="585" hits="0"/>
						<line number="586" hits="0"/>
						<line number="587" hits="0"/>
						<line number="589" hits="0" branch="true" condition-coverage="0% (0/2)" missing-branches="exit,590"/>
						<line number="590" hits="0"/>
						<line number="593" hits="0"/>
						<line number="609" hits="0"/>
						<line number="610" hits="0"/>
						<line number="611" hits="0"/>
						<line number="614" hits="0"/>
						<line number="620" hits="0"/>
						<line number="627" hits="0"/>
					</lines>
				</class>
				<class name="types.py" filename="types.py" complexity="0" line-rate="1" branch-rate="1">
					<methods/>
					<lines>
						<line number="12" hits="1"/>
						<line number="13" hits="1"/>
						<line number="14" hits="1"/>
						<line number="15" hits="1"/>
						<line number="17" hits="1"/>
						<line number="24" hits="1"/>
						<line number="25" hits="1"/>
						<line number="27" hits="1"/>
						<line number="28" hits="1"/>
						<line number="30" hits="1"/>
						<line number="31" hits="1"/>
						<line number="33" hits="1"/>
						<line number="34" hits="1"/>
						<line number="36" hits="1"/>
						<line number="37" hits="1"/>
						<line number="39" hits="1"/>
						<line number="40" hits="1"/>
						<line number="42" hits="1"/>
						<line number="43" hits="1"/>
						<line number="45" hits="1"/>
						<line number="46" hits="1"/>
						<line number="48" hits="1"/>
						<line number="49" hits="1"/>
						<line number="56" hits="1"/>
						<line number="58" hits="1"/>
						<line number="59" hits="1"/>
						<line number="60" hits="1"/>
						<line number="61" hits="1"/>
						<line number="62" hits="1"/>
						<line number="63" hits="1"/>
						<line number="64" hits="1"/>
						<line number="67" hits="1"/>
						<line number="69" hits="1"/>
						<line number="70" hits="1"/>
						<line number="71" hits="1"/>
						<line number="72" hits="1"/>
						<line number="79" hits="1"/>
						<line number="81" hits="1"/>
						<line number="82" hits="1"/>
						<line number="83" hits="1"/>
						<line number="84" hits="1"/>
						<line number="85" hits="1"/>
						<line number="86" hits="1"/>
						<line number="89" hits="1"/>
						<line number="91" hits="1"/>
						<line number="92" hits="1"/>
						<line number="93" hits="1"/>
						<line number="94" hits="1"/>
						<line number="101" hits="1"/>
						<line number="103" hits="1"/>
						<line number="104" hits="1"/>
						<line number="105" hits="1"/>
						<line number="106" hits="1"/>
						<line number="109" hits="1"/>
						<line number="111" hits="1"/>
						<line number="112" hits="1"/>
						<line number="113" hits="1"/>
						<line number="114" hits="1"/>
						<line number="115" hits="1"/>
						<line number="116" hits="1"/>
						<line number="117" hits="1"/>
						<line number="124" hits="1"/>
						<line number="126" hits="1"/>
						<line number="127" hits="1"/>
						<line number="128" hits="1"/>
						<line number="129" hits="1"/>
						<line number="130" hits="1"/>
						<line number="133" hits="1"/>
						<line number="135" hits="1"/>
						<line number="136" hits="1"/>
						<line number="137" hits="1"/>
						<line number="144" hits="1"/>
						<line number="146" hits="1"/>
						<line number="147" hits="1"/>
						<line number="148" hits="1"/>
						<line number="149" hits="1"/>
						<line number="152" hits="1"/>
						<line number="155" hits="1"/>
						<line number="156" hits="1"/>
						<line number="157" hits="1"/>
						<line number="158" hits="1"/>
						<line number="159" hits="1"/>
						<line number="160" hits="1"/>
						<line number="163" hits="1"/>
						<line number="164" hits="1"/>
						<line number="165" hits="1"/>
						<line number="166" hits="1"/>
						<line number="169" hits="1"/>
						<line number="170" hits="1"/>
						<line number="171" hits="1"/>
						<line number="172" hits="1"/>
						<line number="175" hits="1"/>
						<line number="176" hits="1"/>
						<line number="177" hits="1"/>
						<line number="180" hits="1"/>
						<line number="182" hits="1"/>
						<line number="183" hits="1"/>
						<line number="184" hits="1"/>
						<line number="185" hits="1"/>
						<line number="186" hits="1"/>
						<line number="193" hits="1"/>
						<line number="195" hits="1"/>
						<line number="196" hits="1"/>
						<line number="197" hits="1"/>
						<line number="198" hits="1"/>
						<line number="199" hits="1"/>
						<line number="200" hits="1"/>
						<line number="201" hits="1"/>
						<line number="202" hits="1"/>
						<line number="203" hits="1"/>
						<line number="206" hits="1"/>
						<line number="208" hits="1"/>
						<line number="209" hits="1"/>
						<line number="210" hits="1"/>
						<line number="211" hits="1"/>
						<line number="214" hits="1"/>
						<line number="216" hits="1"/>
						<line number="217" hits="1"/>
						<line number="218" hits="1"/>
						<line number="219" hits="1"/>
						<line number="220" hits="1"/>
						<line number="221" hits="1"/>
						<line number="222" hits="1"/>
						<line number="223" hits="1"/>
						<line number="224" hits="1"/>
						<line number="225" hits="1"/>
						<line number="226" hits="1"/>
						<line number="227" hits="1"/>
						<line number="228" hits="1"/>
						<line number="235" hits="1"/>
						<line number="237" hits="1"/>
						<line number="238" hits="1"/>
						<line number="239" hits="1"/>
						<line number="246" hits="1"/>
						<line number="248" hits="1"/>
						<line number="249" hits="1"/>
						<line number="250" hits="1"/>
						<line number="257" hits="1"/>
						<line number="259" hits="1"/>
						<line number="260" hits="1"/>
						<line number="261" hits="1"/>
						<line number="262" hits="1"/>
						<line number="263" hits="1"/>
						<line number="266" hits="1"/>
						<line number="268" hits="1"/>
						<line number="269" hits="1"/>
						<line number="270" hits="1"/>
						<line number="271" hits="1"/>
						<line number="272" hits="1"/>
						<line number="279" hits="1"/>
						<line number="280" hits="1"/>
						<line number="282" hits="1"/>
						<line number="283" hits="1"/>
						<line number="284" hits="1"/>
						<line number="285" hits="1"/>
						<line number="286" hits="1"/>
						<line number="287" hits="1"/>
						<line number="290" hits="1"/>
						<line number="291" hits="1"/>
						<line number="293" hits="1"/>
						<line number="294" hits="1"/>
						<line number="295" hits="1"/>
						<line number="298" hits="1"/>
						<line number="299" hits="1"/>
						<line number="301" hits="1"/>
						<line number="302" hits="1"/>
						<line number="303" hits="1"/>
						<line number="304" hits="1"/>
						<line number="305" hits="1"/>
						<line number="306" hits="1"/>
						<line number="307" hits="1"/>
						<line number="308" hits="1"/>
						<line number="309" hits="1"/>
						<line number="310" hits="1"/>
						<line number="311" hits="1"/>
						<line number="312" hits="1"/>
						<line number="313" hits="1"/>
						<line number="314" hits="1"/>
						<line number="315" hits="1"/>
					</lines>
				</class>
				<class name="worker.py" filename="worker.py" complexity="0" line-rate="0" branch-rate="1">
					<methods/>
					<lines>
						<line number="11" hits="0"/>
						<line number="12" hits="0"/>
						<line number="13" hits="0"/>
						<line number="15" hits="0"/>
						<line number="16" hits="0"/>
						<line number="18" hits="0"/>
						<line number="20" hits="0"/>
						<line number="26" hits="0"/>
						<line number="32" hits="0"/>
						<line number="35" hits="0"/>
						<line number="111" hits="0"/>
						<line number="113" hits="0"/>
						<line number="117" hits="0"/>
						<line number="124" hits="0"/>
						<line number="125" hits="0"/>
						<line number="127" hits="0"/>
						<line number="133" hits="0"/>
						<line number="134" hits="0"/>
						<line number="136" hits="0"/>
						<line number="139" hits="0"/>
						<line number="140" hits="0"/>
						<line number="142" hits="0"/>
						<line number="145" hits="0"/>
						<line number="146" hits="0"/>
						<line number="148" hits="0"/>
						<line number="155" hits="0"/>
					</lines>
				</class>
			</classes>
		</package>
		<package name="api" line-rate="0.2568" branch-rate="0" complexity="0">
			<classes>
				<class name="__init__.py" filename="api/__init__.py" complexity="0" line-rate="1" branch-rate="1">
					<methods/>
					<lines>
						<line number="3" hits="1"/>
						<line number="9" hits="1"/>
						<line number="10" hits="1"/>
						<line number="11" hits="1"/>
						<line number="12" hits="1"/>
						<line number="13" hits="1"/>
						<line number="15" hits="1"/>
					</lines>
				</class>
				<class name="admin.py" filename="api/admin.py" complexity="0" line-rate="0.1818" branch-rate="0">
					<methods/>
					<lines>
						<line number="9" hits="1"/>
						<line number="10" hits="1"/>
						<line number="11" hits="1"/>
						<line number="13" hits="1"/>
						<line number="14" hits="1"/>
						<line number="15" hits="1"/>
						<line number="17" hits="1"/>
						<line number="18" hits="1"/>
						<line number="19" hits="1"/>
						<line number="20" hits="1"/>
						<line number="21" hits="1"/>
						<line number="34" hits="1"/>
						<line number="37" hits="1"/>
						<line number="43" hits="1"/>
						<line number="63" hits="0"/>
						<line number="66" hits="0"/>
						<line number="67" hits="0" branch="true" condition-coverage="0% (0/2)" missing-branches="68,69"/>
						<line number="68" hits="0"/>
						<line number="69" hits="0" branch="true" condition-coverage="0% (0/2)" missing-branches="70,72"/>
						<line number="70" hits="0"/>
						<line number="72" hits="0" branch="true" condition-coverage="0% (0/2)" missing-branches="73,76"/>
						<line number="73" hits="0"/>
						<line number="76" hits="0"/>
						<line number="77" hits="0"/>
						<line number="78" hits="0"/>
						<line number="81" hits="0"/>
						<line number="82" hits="0"/>
						<line number="85" hits="0"/>
						<line number="86" hits="0"/>
						<line number="89" hits="0"/>
						<line number="90" hits="0" branch="true" condition-coverage="0% (0/2)" missing-branches="91,116"/>
						<line number="91" hits="0"/>
						<line number="92" hits="0"/>
						<line number="103" hits="0"/>
						<line number="116" hits="0"/>
						<line number="124" hits="1"/>
						<line number="130" hits="1"/>
						<line number="147" hits="0"/>
						<line number="148" hits="0"/>
						<line number="149" hits="0"/>
						<line number="151" hits="0" branch="true" condition-coverage="0% (0/2)" missing-branches="152,157"/>
						<line number="152" hits="0"/>
						<line number="157" hits="0"/>
						<line number="158" hits="0"/>
						<line number="184" hits="1"/>
						<line number="190" hits="1"/>
						<line number="210" hits="0"/>
						<line number="213" hits="0"/>
						<line number="214" hits="0" branch="true" condition-coverage="0% (0/2)" missing-branches="215,216"/>
						<line number="215" hits="0"/>
						<line number="216" hits="0" branch="true" condition-coverage="0% (0/2)" missing-branches="217,219"/>
						<line number="217" hits="0"/>
						<line number="219" hits="0" branch="true" condition-coverage="0% (0/2)" missing-branches="220,223"/>
						<line number="220" hits="0"/>
						<line number="223" hits="0"/>
						<line number="224" hits="0"/>
						<line number="225" hits="0"/>
						<line number="228" hits="0"/>
						<line number="229" hits="0" branch="true" condition-coverage="0% (0/2)" missing-branches="230,237"/>
						<line number="230" hits="0"/>
						<line number="231" hits="0"/>
						<line number="232" hits="0"/>
						<line number="233" hits="0" branch="true" condition-coverage="0% (0/2)" missing-branches="229,234"/>
						<line number="234" hits="0"/>
						<line number="237" hits="0"/>
						<line number="238" hits="0"/>
						<line number="241" hits="0"/>
						<line number="242" hits="0"/>
						<line number="245" hits="0"/>
						<line number="268" hits="0"/>
						<line number="277" hits="1"/>
						<line number="283" hits="1"/>
						<line number="303" hits="0"/>
						<line number="304" hits="0"/>
						<line number="305" hits="0"/>
						<line number="307" hits="0" branch="true" condition-coverage="0% (0/2)" missing-branches="308,314"/>
						<line number="308" hits="0"/>
						<line number="314" hits="0" branch="true" condition-coverage="0% (0/2)" missing-branches="315,320"/>
						<line number="315" hits="0"/>
						<line number="320" hits="0" branch="true" condition-coverage="0% (0/2)" missing-branches="321,327"/>
						<line number="321" hits="0"/>
						<line number="327" hits="0" branch="true" condition-coverage="0% (0/2)" missing-branches="328,330"/>
						<line number="328" hits="0"/>
						<line number="330" hits="0"/>
						<line number="332" hits="0"/>
						<line number="333" hits="0"/>
						<line number="335" hits="0"/>
						<line number="344" hits="1"/>
						<line number="350" hits="1"/>
						<line number="362" hits="0"/>
						<line number="363" hits="0"/>
						<line number="366" hits="0"/>
						<line number="369" hits="0"/>
						<line number="370" hits="0"/>
						<line number="373" hits="0"/>
						<line number="376" hits="0"/>
						<line number="377" hits="0"/>
						<line number="379" hits="0"/>
						<line number="385" hits="0"/>
						<line number="386" hits="0"/>
						<line number="388" hits="0"/>
						<line number="394" hits="0"/>
						<line number="395" hits="0"/>
						<line number="398" hits="0"/>
						<line number="399" hits="0"/>
						<line number="400" hits="0"/>
						<line number="401" hits="0"/>
						<line number="404" hits="0"/>
						<line number="407" hits="0"/>
						<line number="408" hits="0"/>
						<line number="410" hits="0"/>
						<line number="413" hits="0"/>
						<line number="414" hits="0"/>
						<line number="417" hits="0"/>
						<line number="418" hits="0"/>
						<line number="421" hits="0"/>
						<line number="422" hits="0"/>
						<line number="424" hits="0"/>
						<line number="430" hits="0"/>
						<line number="431" hits="0"/>
						<line number="433" hits="0"/>
					</lines>
				</class>
				<class name="dashboard.py" filename="api/dashboard.py" complexity="0" line-rate="0.2576" branch-rate="0">
					<methods/>
					<lines>
						<line number="6" hits="1"/>
						<line number="7" hits="1"/>
						<line number="9" hits="1"/>
						<line number="10" hits="1"/>
						<line number="11" hits="1"/>
						<line number="13" hits="1"/>
						<line number="14" hits="1"/>
						<line number="15" hits="1"/>
						<line number="17" hits="1"/>
						<line number="20" hits="1"/>
						<line number="25" hits="1"/>
						<line number="39" hits="0"/>
						<line number="46" hits="0"/>
						<line number="49" hits="0"/>
						<line number="52" hits="0"/>
						<line number="55" hits="0"/>
						<line number="61" hits="0"/>
						<line number="64" hits="0"/>
						<line number="68" hits="0"/>
						<line number="71" hits="0"/>
						<line number="76" hits="0"/>
						<line number="78" hits="0"/>
						<line number="97" hits="1"/>
						<line number="102" hits="1"/>
						<line number="116" hits="0"/>
						<line number="124" hits="0"/>
						<line number="130" hits="0"/>
						<line number="142" hits="0"/>
						<line number="153" hits="0"/>
						<line number="163" hits="0"/>
						<line number="172" hits="0"/>
						<line number="180" hits="1"/>
						<line number="185" hits="1"/>
						<line number="194" hits="0"/>
						<line number="201" hits="0"/>
						<line number="202" hits="0"/>
						<line number="203" hits="0"/>
						<line number="204" hits="0"/>
						<line number="208" hits="0"/>
						<line number="209" hits="0"/>
						<line number="213" hits="0"/>
						<line number="216" hits="0"/>
						<line number="217" hits="0"/>
						<line number="218" hits="0"/>
						<line number="223" hits="0"/>
						<line number="224" hits="0"/>
						<line number="225" hits="0"/>
						<line number="229" hits="0"/>
						<line number="230" hits="0"/>
						<line number="234" hits="0"/>
						<line number="237" hits="0"/>
						<line number="238" hits="0"/>
						<line number="239" hits="0"/>
						<line number="244" hits="0"/>
						<line number="245" hits="0"/>
						<line number="249" hits="0"/>
						<line number="250" hits="0"/>
						<line number="254" hits="0"/>
						<line number="256" hits="0"/>
						<line number="259" hits="1"/>
						<line number="264" hits="1"/>
						<line number="283" hits="0"/>
						<line number="287" hits="0"/>
						<line number="289" hits="0" branch="true" condition-coverage="0% (0/2)" missing-branches="290,294"/>
						<line number="290" hits="0"/>
						<line number="294" hits="0"/>
					</lines>
				</class>
				<class name="documents.py" filename="api/documents.py" complexity="0" line-rate="0.22" branch-rate="0">
					<methods/>
					<lines>
						<line number="10" hits="1"/>
						<line number="11" hits="1"/>
						<line number="12" hits="1"/>
						<line number="14" hits="1"/>
						<line number="16" hits="1"/>
						<line number="17" hits="1"/>
						<line number="18" hits="1"/>
						<line number="19" hits="1"/>
						<line number="20" hits="1"/>
						<line number="22" hits="1"/>
						<line number="23" hits="1"/>
						<line number="24" hits="1"/>
						<line number="25" hits="1"/>
						<line number="38" hits="1"/>
						<line number="41" hits="1"/>
						<line number="47" hits="1"/>
						<line number="76" hits="0"/>
						<line number="82" hits="0"/>
						<line number="84" hits="0" branch="true" condition-coverage="0% (0/2)" missing-branches="85,87"/>
						<line number="85" hits="0"/>
						<line number="87" hits="0" branch="true" condition-coverage="0% (0/2)" missing-branches="88,90"/>
						<line number="88" hits="0"/>
						<line number="90" hits="0" branch="true" condition-coverage="0% (0/2)" missing-branches="91,93"/>
						<line number="91" hits="0"/>
						<line number="93" hits="0" branch="true" condition-coverage="0% (0/2)" missing-branches="94,96"/>
						<line number="94" hits="0"/>
						<line number="96" hits="0" branch="true" condition-coverage="0% (0/2)" missing-branches="97,103"/>
						<line number="97" hits="0"/>
						<line number="101" hits="0"/>
						<line number="103" hits="0" branch="true" condition-coverage="0% (0/2)" missing-branches="104,107"/>
						<line number="104" hits="0"/>
						<line number="107" hits="0"/>
						<line number="108" hits="0"/>
						<line number="109" hits="0"/>
						<line number="112" hits="0"/>
						<line number="113" hits="0"/>
						<line number="118" hits="0"/>
						<line number="119" hits="0"/>
						<line number="122" hits="0"/>
						<line number="142" hits="0"/>
						<line number="150" hits="1"/>
						<line number="156" hits="1"/>
						<line number="176" hits="0"/>
						<line number="182" hits="0"/>
						<line number="183" hits="0"/>
						<line number="185" hits="0" branch="true" condition-coverage="0% (0/2)" missing-branches="186,192"/>
						<line number="186" hits="0"/>
						<line number="192" hits="0"/>
						<line number="221" hits="0"/>
						<line number="222" hits="0" branch="true" condition-coverage="0% (0/2)" missing-branches="223,243"/>
						<line number="223" hits="0"/>
						<line number="226" hits="0"/>
						<line number="227" hits="0"/>
						<line number="229" hits="0"/>
						<line number="243" hits="0"/>
						<line number="249" hits="1"/>
						<line number="255" hits="1"/>
						<line number="275" hits="0"/>
						<line number="281" hits="0"/>
						<line number="282" hits="0"/>
						<line number="284" hits="0" branch="true" condition-coverage="0% (0/2)" missing-branches="285,290"/>
						<line number="285" hits="0"/>
						<line number="290" hits="0" branch="true" condition-coverage="0% (0/2)" missing-branches="291,297"/>
						<line number="291" hits="0"/>
						<line number="297" hits="0" branch="true" condition-coverage="0% (0/2)" missing-branches="298,306"/>
						<line number="298" hits="0"/>
						<line number="306" hits="0"/>
						<line number="307" hits="0"/>
						<line number="309" hits="0"/>
						<line number="311" hits="0"/>
						<line number="319" hits="1"/>
						<line number="325" hits="1"/>
						<line number="346" hits="0"/>
						<line number="352" hits="0"/>
						<line number="353" hits="0"/>
						<line number="355" hits="0" branch="true" condition-coverage="0% (0/2)" missing-branches="356,361"/>
						<line number="356" hits="0"/>
						<line number="361" hits="0" branch="true" condition-coverage="0% (0/2)" missing-branches="362,367"/>
						<line number="362" hits="0"/>
						<line number="367" hits="0"/>
						<line number="371" hits="0"/>
						<line number="375" hits="0"/>
						<line number="376" hits="0"/>
						<line number="378" hits="0"/>
						<line number="379" hits="0"/>
						<line number="381" hits="0" branch="true" condition-coverage="0% (0/2)" missing-branches="382,388"/>
						<line number="382" hits="0"/>
						<line number="383" hits="0"/>
						<line number="384" hits="0"/>
						<line number="388" hits="0"/>
						<line number="390" hits="0"/>
						<line number="393" hits="0"/>
						<line number="394" hits="0"/>
						<line number="395" hits="0"/>
						<line number="396" hits="0"/>
						<line number="406" hits="0"/>
						<line number="408" hits="0"/>
						<line number="409" hits="0"/>
						<line number="410" hits="0"/>
						<line number="412" hits="0"/>
					</lines>
				</class>
				<class name="health.py" filename="api/health.py" complexity="0" line-rate="0.2043" branch-rate="0">
					<methods/>
					<lines>
						<line number="12" hits="1"/>
						<line number="13" hits="1"/>
						<line number="14" hits="1"/>
						<line number="16" hits="1"/>
						<line number="17" hits="1"/>
						<line number="18" hits="1"/>
						<line number="20" hits="1"/>
						<line number="21" hits="1"/>
						<line number="30" hits="1"/>
						<line number="33" hits="1"/>
						<line number="36" hits="1"/>
						<line number="45" hits="0"/>
						<line number="46" hits="0"/>
						<line number="47" hits="0"/>
						<line number="48" hits="0"/>
						<line number="49" hits="0"/>
						<line number="50" hits="0"/>
						<line number="56" hits="0"/>
						<line number="57" hits="0"/>
						<line number="58" hits="0"/>
						<line number="66" hits="1"/>
						<line number="72" hits="0"/>
						<line number="73" hits="0"/>
						<line number="74" hits="0"/>
						<line number="75" hits="0"/>
						<line number="76" hits="0"/>
						<line number="77" hits="0"/>
						<line number="83" hits="0"/>
						<line number="84" hits="0"/>
						<line number="85" hits="0"/>
						<line number="93" hits="1"/>
						<line number="99" hits="0"/>
						<line number="100" hits="0"/>
						<line number="101" hits="0"/>
						<line number="102" hits="0"/>
						<line number="103" hits="0"/>
						<line number="104" hits="0"/>
						<line number="110" hits="0"/>
						<line number="111" hits="0"/>
						<line number="112" hits="0"/>
						<line number="120" hits="1"/>
						<line number="126" hits="1"/>
						<line number="137" hits="0"/>
						<line number="140" hits="0"/>
						<line number="141" hits="0"/>
						<line number="144" hits="0"/>
						<line number="145" hits="0"/>
						<line number="148" hits="0"/>
						<line number="149" hits="0"/>
						<line number="153" hits="0"/>
						<line number="154" hits="0" branch="true" condition-coverage="0% (0/2)" missing-branches="155,156"/>
						<line number="155" hits="0"/>
						<line number="156" hits="0" branch="true" condition-coverage="0% (0/2)" missing-branches="158,159"/>
						<line number="158" hits="0"/>
						<line number="159" hits="0" branch="true" condition-coverage="0% (0/2)" missing-branches="160,162"/>
						<line number="160" hits="0"/>
						<line number="162" hits="0"/>
						<line number="164" hits="0"/>
						<line number="174" hits="1"/>
						<line number="180" hits="1"/>
						<line number="189" hits="0"/>
						<line number="192" hits="1"/>
						<line number="198" hits="1"/>
						<line number="207" hits="0"/>
						<line number="208" hits="0"/>
						<line number="211" hits="0"/>
						<line number="212" hits="0"/>
						<line number="213" hits="0"/>
						<line number="214" hits="0"/>
						<line number="215" hits="0"/>
						<line number="222" hits="0"/>
						<line number="223" hits="0"/>
						<line number="224" hits="0"/>
						<line number="231" hits="0"/>
						<line number="234" hits="0"/>
						<line number="235" hits="0"/>
						<line number="236" hits="0"/>
						<line number="237" hits="0"/>
						<line number="238" hits="0"/>
						<line number="239" hits="0"/>
						<line number="246" hits="0"/>
						<line number="247" hits="0"/>
						<line number="248" hits="0"/>
						<line number="257" hits="0"/>
						<line number="258" hits="0"/>
						<line number="259" hits="0"/>
						<line number="260" hits="0"/>
						<line number="261" hits="0"/>
						<line number="262" hits="0"/>
						<line number="269" hits="0"/>
						<line number="270" hits="0"/>
						<line number="271" hits="0"/>
						<line number="279" hits="0"/>
					</lines>
				</class>
				<class name="router.py" filename="api/router.py" complexity="0" line-rate="0.5455" branch-rate="0">
					<methods/>
					<lines>
						<line number="17" hits="1"/>
						<line number="20" hits="1"/>
						<line number="21" hits="1"/>
						<line number="22" hits="1"/>
						<line number="23" hits="1"/>
						<line number="24" hits="1"/>
						<line number="25" hits="1"/>
						<line number="33" hits="1"/>
						<line number="36" hits="1"/>
						<line number="46" hits="1"/>
						<line number="56" hits="0" branch="true" condition-coverage="0% (0/2)" missing-branches="exit,57"/>
						<line number="57" hits="0"/>
						<line number="60" hits="1"/>
						<line number="70" hits="0"/>
						<line number="73" hits="0"/>
						<line number="74" hits="0"/>
						<line number="75" hits="0"/>
						<line number="76" hits="0"/>
						<line number="77" hits="0"/>
						<line number="79" hits="0"/>
						<line number="81" hits="0"/>
						<line number="88" hits="1"/>
					</lines>
				</class>
				<class name="search.py" filename="api/search.py" complexity="0" line-rate="0.2667" branch-rate="0">
					<methods/>
					<lines>
						<line number="13" hits="1"/>
						<line number="15" hits="1"/>
						<line number="16" hits="1"/>
						<line number="17" hits="1"/>
						<line number="19" hits="1"/>
						<line number="20" hits="1"/>
						<line number="22" hits="1"/>
						<line number="24" hits="1"/>
						<line number="25" hits="1"/>
						<line number="26" hits="1"/>
						<line number="27" hits="1"/>
						<line number="33" hits="1"/>
						<line number="34" hits="1"/>
						<line number="36" hits="1"/>
						<line number="38" hits="1"/>
						<line number="46" hits="1"/>
						<line number="52" hits="1"/>
						<line number="53" hits="1"/>
						<line number="54" hits="1"/>
						<line number="57" hits="1"/>
						<line number="67" hits="0"/>
						<line number="69" hits="0"/>
						<line number="72" hits="1"/>
						<line number="82" hits="0" branch="true" condition-coverage="0% (0/2)" missing-branches="83,85"/>
						<line number="83" hits="0"/>
						<line number="85" hits="0" branch="true" condition-coverage="0% (0/2)" missing-branches="exit,86"/>
						<line number="86" hits="0" branch="true" condition-coverage="0% (0/2)" missing-branches="87,93"/>
						<line number="87" hits="0"/>
						<line number="93" hits="0" branch="true" condition-coverage="0% (0/2)" missing-branches="94,109"/>
						<line number="94" hits="0" branch="true" condition-coverage="0% (0/2)" missing-branches="95,99"/>
						<line number="95" hits="0"/>
						<line number="99" hits="0" branch="true" condition-coverage="0% (0/2)" missing-branches="100,105"/>
						<line number="100" hits="0"/>
						<line number="105" hits="0"/>
						<line number="109" hits="0" branch="true" condition-coverage="0% (0/2)" missing-branches="111,117"/>
						<line number="111" hits="0" branch="true" condition-coverage="0% (0/2)" missing-branches="112,116"/>
						<line number="112" hits="0"/>
						<line number="116" hits="0"/>
						<line number="117" hits="0" branch="true" condition-coverage="0% (0/2)" missing-branches="85,119"/>
						<line number="119" hits="0" branch="true" condition-coverage="0% (0/2)" missing-branches="85,120"/>
						<line number="120" hits="0"/>
						<line number="126" hits="1"/>
						<line number="136" hits="0" branch="true" condition-coverage="0% (0/2)" missing-branches="137,143"/>
						<line number="137" hits="0"/>
						<line number="143" hits="0"/>
						<line number="144" hits="0"/>
						<line number="145" hits="0" branch="true" condition-coverage="0% (0/2)" missing-branches="exit,146"/>
						<line number="146" hits="0" branch="true" condition-coverage="0% (0/2)" missing-branches="147,149"/>
						<line number="147" hits="0"/>
						<line number="148" hits="0"/>
						<line number="149" hits="0" branch="true" condition-coverage="0% (0/2)" missing-branches="150,151"/>
						<line number="150" hits="0"/>
						<line number="151" hits="0" branch="true" condition-coverage="0% (0/2)" missing-branches="145,152"/>
						<line number="152" hits="0"/>
						<line number="162" hits="1"/>
						<line number="175" hits="0"/>
						<line number="176" hits="0"/>
						<line number="177" hits="0" branch="true" condition-coverage="0% (0/2)" missing-branches="178,185"/>
						<line number="178" hits="0"/>
						<line number="185" hits="0"/>
						<line number="191" hits="0"/>
						<line number="192" hits="0"/>
						<line number="194" hits="0" branch="true" condition-coverage="0% (0/2)" missing-branches="exit,195"/>
						<line number="195" hits="0"/>
						<line number="202" hits="1"/>
						<line number="213" hits="1"/>
						<line number="238" hits="0"/>
						<line number="240" hits="0"/>
						<line number="241" hits="0"/>
						<line number="243" hits="0" branch="true" condition-coverage="0% (0/2)" missing-branches="244,255"/>
						<line number="244" hits="0"/>
						<line number="255" hits="0"/>
						<line number="258" hits="0"/>
						<line number="261" hits="0"/>
						<line number="264" hits="0"/>
						<line number="273" hits="0"/>
						<line number="276" hits="0"/>
						<line number="281" hits="0"/>
						<line number="282" hits="0"/>
						<line number="283" hits="0"/>
						<line number="284" hits="0"/>
						<line number="285" hits="0"/>
						<line number="286" hits="0"/>
						<line number="293" hits="1"/>
						<line number="294" hits="1"/>
						<line number="297" hits="1"/>
						<line number="308" hits="0"/>
						<line number="309" hits="0" branch="true" condition-coverage="0% (0/2)" missing-branches="310,312"/>
						<line number="310" hits="0"/>
						<line number="312" hits="0"/>
						<line number="313" hits="0"/>
						<line number="316" hits="1"/>
						<line number="325" hits="0"/>
						<line number="326" hits="0"/>
						<line number="327" hits="0"/>
						<line number="329" hits="0" branch="true" condition-coverage="0% (0/2)" missing-branches="331,334"/>
						<line number="331" hits="0"/>
						<line number="334" hits="0"/>
						<line number="337" hits="0" branch="true" condition-coverage="0% (0/2)" missing-branches="338,341"/>
						<line number="338" hits="0"/>
						<line number="341" hits="0"/>
						<line number="342" hits="0"/>
						<line number="343" hits="0"/>
						<line number="345" hits="0"/>
						<line number="347" hits="0"/>
						<line number="348" hits="0"/>
						<line number="350" hits="0"/>
						<line number="353" hits="1"/>
						<line number="363" hits="1"/>
						<line number="380" hits="0"/>
						<line number="381" hits="0"/>
						<line number="383" hits="0" branch="true" condition-coverage="0% (0/2)" missing-branches="384,389"/>
						<line number="384" hits="0"/>
						<line number="389" hits="0"/>
						<line number="391" hits="0"/>
						<line number="392" hits="0"/>
						<line number="393" hits="0"/>
						<line number="394" hits="0"/>
						<line number="395" hits="0"/>
						<line number="405" hits="1"/>
					</lines>
				</class>
				<class name="sources.py" filename="api/sources.py" complexity="0" line-rate="0.339" branch-rate="0">
					<methods/>
					<lines>
						<line number="9" hits="1"/>
						<line number="10" hits="1"/>
						<line number="11" hits="1"/>
						<line number="13" hits="1"/>
						<line number="15" hits="1"/>
						<line number="16" hits="1"/>
						<line number="17" hits="1"/>
						<line number="19" hits="1"/>
						<line number="20" hits="1"/>
						<line number="21" hits="1"/>
						<line number="22" hits="1"/>
						<line number="34" hits="1"/>
						<line number="37" hits="1"/>
						<line number="43" hits="1"/>
						<line number="59" hits="0"/>
						<line number="61" hits="0" branch="true" condition-coverage="0% (0/2)" missing-branches="62,64"/>
						<line number="62" hits="0"/>
						<line number="64" hits="0" branch="true" condition-coverage="0% (0/2)" missing-branches="65,68"/>
						<line number="65" hits="0"/>
						<line number="68" hits="0"/>
						<line number="69" hits="0"/>
						<line number="70" hits="0"/>
						<line number="73" hits="0"/>
						<line number="74" hits="0"/>
						<line number="77" hits="0"/>
						<line number="98" hits="0"/>
						<line number="104" hits="1"/>
						<line number="110" hits="1"/>
						<line number="127" hits="0"/>
						<line number="128" hits="0"/>
						<line number="129" hits="0"/>
						<line number="131" hits="0" branch="true" condition-coverage="0% (0/2)" missing-branches="132,137"/>
						<line number="132" hits="0"/>
						<line number="137" hits="0"/>
						<line number="162" hits="1"/>
						<line number="168" hits="1"/>
						<line number="188" hits="0"/>
						<line number="189" hits="0"/>
						<line number="190" hits="0"/>
						<line number="192" hits="0" branch="true" condition-coverage="0% (0/2)" missing-branches="193,198"/>
						<line number="193" hits="0"/>
						<line number="198" hits="0" branch="true" condition-coverage="0% (0/2)" missing-branches="199,204"/>
						<line number="199" hits="0"/>
						<line number="204" hits="0" branch="true" condition-coverage="0% (0/2)" missing-branches="205,211"/>
						<line number="205" hits="0"/>
						<line number="211" hits="0"/>
						<line number="212" hits="0"/>
						<line number="224" hits="0"/>
						<line number="227" hits="0"/>
						<line number="229" hits="0"/>
						<line number="233" hits="0"/>
						<line number="242" hits="1"/>
						<line number="248" hits="1"/>
						<line number="265" hits="0"/>
						<line number="266" hits="0"/>
						<line number="267" hits="0"/>
						<line number="269" hits="0" branch="true" condition-coverage="0% (0/2)" missing-branches="270,275"/>
						<line number="270" hits="0"/>
						<line number="275" hits="0"/>
					</lines>
				</class>
			</classes>
		</package>
		<package name="auth" line-rate="0.2878" branch-rate="0" complexity="0">
			<classes>
				<class name="__init__.py" filename="auth/__init__.py" complexity="0" line-rate="1" branch-rate="1">
					<methods/>
					<lines>
						<line number="3" hits="1"/>
						<line number="4" hits="1"/>
						<line number="6" hits="1"/>
					</lines>
				</class>
				<class name="jwt.py" filename="auth/jwt.py" complexity="0" line-rate="0.2338" branch-rate="0">
					<methods/>
					<lines>
						<line number="3" hits="1"/>
						<line number="4" hits="1"/>
						<line number="5" hits="1"/>
						<line number="7" hits="1"/>
						<line number="8" hits="1"/>
						<line number="9" hits="1"/>
						<line number="11" hits="1"/>
						<line number="12" hits="1"/>
						<line number="15" hits="1"/>
						<line number="18" hits="1"/>
						<line number="21" hits="1"/>
						<line number="22" hits="0"/>
						<line number="23" hits="0"/>
						<line number="24" hits="0"/>
						<line number="26" hits="1"/>
						<line number="28" hits="0"/>
						<line number="29" hits="0"/>
						<line number="31" hits="1"/>
						<line number="33" hits="0"/>
						<line number="34" hits="0" branch="true" condition-coverage="0% (0/2)" missing-branches="35,37"/>
						<line number="35" hits="0"/>
						<line number="37" hits="0"/>
						<line number="38" hits="0"/>
						<line number="39" hits="0"/>
						<line number="40" hits="0"/>
						<line number="41" hits="0"/>
						<line number="43" hits="0"/>
						<line number="44" hits="0"/>
						<line number="45" hits="0" branch="true" condition-coverage="0% (0/2)" missing-branches="46,56"/>
						<line number="46" hits="0" branch="true" condition-coverage="0% (0/2)" missing-branches="48,49"/>
						<line number="48" hits="0"/>
						<line number="49" hits="0" branch="true" condition-coverage="0% (0/2)" missing-branches="45,50"/>
						<line number="50" hits="0"/>
						<line number="51" hits="0" branch="true" condition-coverage="0% (0/2)" missing-branches="45,52"/>
						<line number="52" hits="0"/>
						<line number="53" hits="0"/>
						<line number="54" hits="0"/>
						<line number="56" hits="0"/>
						<line number="57" hits="0"/>
						<line number="59" hits="0"/>
						<line number="61" hits="0" branch="true" condition-coverage="0% (0/2)" missing-branches="exit,62"/>
						<line number="62" hits="0"/>
						<line number="64" hits="1"/>
						<line number="66" hits="0"/>
						<line number="67" hits="0"/>
						<line number="70" hits="1"/>
						<line number="73" hits="1"/>
						<line number="74" hits="0"/>
						<line number="76" hits="1"/>
						<line number="89" hits="0"/>
						<line number="90" hits="0"/>
						<line number="91" hits="0"/>
						<line number="92" hits="0"/>
						<line number="94" hits="0"/>
						<line number="95" hits="0" branch="true" condition-coverage="0% (0/2)" missing-branches="96,99"/>
						<line number="96" hits="0"/>
						<line number="99" hits="0"/>
						<line number="100" hits="0" branch="true" condition-coverage="0% (0/2)" missing-branches="101,104"/>
						<line number="101" hits="0"/>
						<line number="104" hits="0"/>
						<line number="122" hits="0"/>
						<line number="123" hits="0" branch="true" condition-coverage="0% (0/2)" missing-branches="124,127"/>
						<line number="124" hits="0"/>
						<line number="127" hits="0"/>
						<line number="128" hits="0"/>
						<line number="129" hits="0" branch="true" condition-coverage="0% (0/2)" missing-branches="131,138"/>
						<line number="131" hits="0" branch="true" condition-coverage="0% (0/2)" missing-branches="132,134"/>
						<line number="132" hits="0"/>
						<line number="134" hits="0"/>
						<line number="135" hits="0" branch="true" condition-coverage="0% (0/2)" missing-branches="136,138"/>
						<line number="136" hits="0"/>
						<line number="138" hits="0"/>
						<line number="140" hits="1"/>
						<line number="149" hits="0"/>
						<line number="150" hits="0"/>
						<line number="151" hits="0"/>
						<line number="152" hits="0"/>
					</lines>
				</class>
				<class name="middleware.py" filename="auth/middleware.py" complexity="0" line-rate="0.3269" branch-rate="0">
					<methods/>
					<lines>
						<line number="3" hits="1"/>
						<line number="5" hits="1"/>
						<line number="6" hits="1"/>
						<line number="7" hits="1"/>
						<line number="8" hits="1"/>
						<line number="9" hits="1"/>
						<line number="11" hits="1"/>
						<line number="12" hits="1"/>
						<line number="15" hits="1"/>
						<line number="22" hits="1"/>
						<line number="28" hits="0"/>
						<line number="29" hits="0"/>
						<line number="30" hits="0"/>
						<line number="32" hits="1"/>
						<line number="35" hits="0"/>
						<line number="36" hits="0" branch="true" condition-coverage="0% (0/2)" missing-branches="37,40"/>
						<line number="37" hits="0"/>
						<line number="40" hits="0"/>
						<line number="41" hits="0" branch="true" condition-coverage="0% (0/2)" missing-branches="42,44"/>
						<line number="42" hits="0"/>
						<line number="44" hits="0"/>
						<line number="45" hits="0" branch="true" condition-coverage="0% (0/2)" missing-branches="46,49"/>
						<line number="46" hits="0"/>
						<line number="49" hits="0"/>
						<line number="50" hits="0"/>
						<line number="51" hits="0"/>
						<line number="52" hits="0"/>
						<line number="53" hits="0"/>
						<line number="54" hits="0"/>
						<line number="55" hits="0"/>
						<line number="56" hits="0"/>
						<line number="57" hits="0"/>
						<line number="59" hits="0"/>
						<line number="61" hits="1"/>
						<line number="63" hits="0" branch="true" condition-coverage="0% (0/2)" missing-branches="64,66"/>
						<line number="64" hits="0" branch="true" condition-coverage="0% (0/2)" missing-branches="63,65"/>
						<line number="65" hits="0"/>
						<line number="66" hits="0"/>
						<line number="68" hits="1"/>
						<line number="70" hits="0"/>
						<line number="80" hits="1"/>
						<line number="89" hits="1"/>
						<line number="90" hits="1"/>
						<line number="92" hits="1"/>
						<line number="94" hits="0"/>
						<line number="95" hits="0" branch="true" condition-coverage="0% (0/2)" missing-branches="96,102"/>
						<line number="96" hits="0"/>
						<line number="102" hits="0" branch="true" condition-coverage="0% (0/2)" missing-branches="103,110"/>
						<line number="103" hits="0"/>
						<line number="104" hits="0" branch="true" condition-coverage="0% (0/2)" missing-branches="105,110"/>
						<line number="105" hits="0"/>
						<line number="110" hits="0"/>
					</lines>
				</class>
				<class name="token_revocation.py" filename="auth/token_revocation.py" complexity="0" line-rate="0.2877" branch-rate="0">
					<methods/>
					<lines>
						<line number="12" hits="1"/>
						<line number="14" hits="1"/>
						<line number="15" hits="1"/>
						<line number="16" hits="1"/>
						<line number="17" hits="1"/>
						<line number="19" hits="1"/>
						<line number="20" hits="1"/>
						<line number="21" hits="1"/>
						<line number="23" hits="1"/>
						<line number="26" hits="1"/>
						<line number="37" hits="1"/>
						<line number="43" hits="1"/>
						<line number="44" hits="1"/>
						<line number="46" hits="1"/>
						<line number="48" hits="0" branch="true" condition-coverage="0% (0/2)" missing-branches="49,50"/>
						<line number="49" hits="0"/>
						<line number="50" hits="0"/>
						<line number="52" hits="1"/>
						<line number="70" hits="0"/>
						<line number="71" hits="0"/>
						<line number="72" hits="0"/>
						<line number="75" hits="0"/>
						<line number="76" hits="0"/>
						<line number="78" hits="0" branch="true" condition-coverage="0% (0/2)" missing-branches="80,84"/>
						<line number="80" hits="0"/>
						<line number="81" hits="0"/>
						<line number="84" hits="0"/>
						<line number="91" hits="0"/>
						<line number="93" hits="0"/>
						<line number="96" hits="0"/>
						<line number="98" hits="0"/>
						<line number="99" hits="0"/>
						<line number="100" hits="0"/>
						<line number="102" hits="1"/>
						<line number="111" hits="0"/>
						<line number="112" hits="0"/>
						<line number="113" hits="0"/>
						<line number="115" hits="0"/>
						<line number="116" hits="0"/>
						<line number="118" hits="0"/>
						<line number="119" hits="0"/>
						<line number="122" hits="0" branch="true" condition-coverage="0% (0/2)" missing-branches="123,127"/>
						<line number="123" hits="0"/>
						<line number="127" hits="0"/>
						<line number="129" hits="1"/>
						<line number="148" hits="0"/>
						<line number="149" hits="0"/>
						<line number="150" hits="0"/>
						<line number="152" hits="0"/>
						<line number="159" hits="0"/>
						<line number="161" hits="0"/>
						<line number="162" hits="0"/>
						<line number="164" hits="0"/>
						<line number="165" hits="0"/>
						<line number="166" hits="0"/>
						<line number="168" hits="1"/>
						<line number="178" hits="0"/>
						<line number="179" hits="0"/>
						<line number="180" hits="0"/>
						<line number="182" hits="0"/>
						<line number="183" hits="0" branch="true" condition-coverage="0% (0/2)" missing-branches="184,187"/>
						<line number="184" hits="0"/>
						<line number="187" hits="0"/>
						<line number="188" hits="0"/>
						<line number="191" hits="0"/>
						<line number="193" hits="0"/>
						<line number="194" hits="0"/>
						<line number="195" hits="0"/>
						<line number="199" hits="1"/>
						<line number="202" hits="1"/>
						<line number="219" hits="0"/>
						<line number="222" hits="1"/>
						<line number="231" hits="0"/>
					</lines>
				</class>
			</classes>
		</package>
		<package name="crawler" line-rate="0" branch-rate="0" complexity="0">
			<classes>
				<class name="__init__.py" filename="crawler/__init__.py" complexity="0" line-rate="0" branch-rate="1">
					<methods/>
					<lines>
						<line number="10" hits="0"/>
						<line number="15" hits="0"/>
						<line number="21" hits="0"/>
						<line number="28" hits="0"/>
					</lines>
				</class>
				<class name="base_agent.py" filename="crawler/base_agent.py" complexity="0" line-rate="0" branch-rate="0">
					<methods/>
					<lines>
						<line number="7" hits="0"/>
						<line number="8" hits="0"/>
						<line number="9" hits="0"/>
						<line number="10" hits="0"/>
						<line number="11" hits="0"/>
						<line number="13" hits="0"/>
						<line number="14" hits="0"/>
						<line number="17" hits="0"/>
						<line number="18" hits="0"/>
						<line number="31" hits="0"/>
						<line number="32" hits="0"/>
						<line number="33" hits="0"/>
						<line number="34" hits="0"/>
						<line number="35" hits="0"/>
						<line number="36" hits="0"/>
						<line number="37" hits="0"/>
						<line number="38" hits="0"/>
						<line number="41" hits="0"/>
						<line number="42" hits="0"/>
						<line number="55" hits="0"/>
						<line number="56" hits="0"/>
						<line number="57" hits="0"/>
						<line number="58" hits="0"/>
						<line number="59" hits="0"/>
						<line number="60" hits="0"/>
						<line number="61" hits="0"/>
						<line number="62" hits="0"/>
						<line number="64" hits="0"/>
						<line number="65" hits="0"/>
						<line number="67" hits="0" branch="true" condition-coverage="0% (0/2)" missing-branches="68,69"/>
						<line number="68" hits="0"/>
						<line number="69" hits="0"/>
						<line number="70" hits="0"/>
						<line number="72" hits="0"/>
						<line number="73" hits="0"/>
						<line number="75" hits="0" branch="true" condition-coverage="0% (0/2)" missing-branches="76,77"/>
						<line number="76" hits="0"/>
						<line number="77" hits="0"/>
						<line number="80" hits="0"/>
						<line number="98" hits="0"/>
						<line number="109" hits="0"/>
						<line number="110" hits="0"/>
						<line number="111" hits="0"/>
						<line number="112" hits="0"/>
						<line number="113" hits="0"/>
						<line number="114" hits="0"/>
						<line number="115" hits="0"/>
						<line number="116" hits="0"/>
						<line number="117" hits="0"/>
						<line number="118" hits="0"/>
						<line number="119" hits="0"/>
						<line number="162" hits="0"/>
						<line number="177" hits="0" branch="true" condition-coverage="0% (0/2)" missing-branches="178,180"/>
						<line number="178" hits="0"/>
						<line number="180" hits="0"/>
						<line number="183" hits="0" branch="true" condition-coverage="0% (0/2)" missing-branches="184,188"/>
						<line number="184" hits="0" branch="true" condition-coverage="0% (0/2)" missing-branches="185,188"/>
						<line number="185" hits="0"/>
						<line number="188" hits="0" branch="true" condition-coverage="0% (0/2)" missing-branches="189,192"/>
[...]
						<line number="318" hits="0"/>
						<line number="320" hits="0" branch="true" condition-coverage="0% (0/2)" missing-branches="321,323"/>
						<line number="321" hits="0"/>
						<line number="323" hits="0"/>
						<line number="324" hits="0"/>
						<line number="326" hits="0"/>
						<line number="334" hits="0"/>
						<line number="343" hits="0"/>
						<line number="344" hits="0"/>
						<line number="345" hits="0" branch="true" condition-coverage="0% (0/2)" missing-branches="346,348"/>
						<line number="346" hits="0"/>
						<line number="348" hits="0"/>
						<line number="349" hits="0"/>
						<line number="351" hits="0"/>
						<line number="364" hits="0"/>
						<line number="366" hits="0" branch="true" condition-coverage="0% (0/2)" missing-branches="368,380"/>
						<line number="368" hits="0"/>
						<line number="369" hits="0" branch="true" condition-coverage="0% (0/2)" missing-branches="370,373"/>
						<line number="370" hits="0"/>
						<line number="373" hits="0"/>
						<line number="374" hits="0"/>
						<line number="377" hits="0" branch="true" condition-coverage="0% (0/2)" missing-branches="366,378"/>
						<line number="378" hits="0"/>
						<line number="380" hits="0"/>
						<line number="383" hits="0"/>
						<line number="385" hits="0"/>
						<line number="386" hits="0"/>
						<line number="387" hits="0"/>
						<line number="388" hits="0"/>
						<line number="390" hits="0"/>
						<line number="393" hits="0"/>
						<line number="396" hits="0"/>
						<line number="398" hits="0"/>
						<line number="399" hits="0"/>
						<line number="400" hits="0" branch="true" condition-coverage="0% (0/2)" missing-branches="exit,401"/>
						<line number="401" hits="0"/>
						<line number="402" hits="0" branch="true" condition-coverage="0% (0/2)" missing-branches="403,405"/>
						<line number="403" hits="0"/>
						<line number="405" hits="0"/>
						<line number="406" hits="0"/>
						<line number="413" hits="0"/>
						<line number="418" hits="0"/>
						<line number="419" hits="0"/>
						<line number="420" hits="0"/>
						<line number="423" hits="0"/>
						<line number="426" hits="0"/>
						<line number="428" hits="0"/>
						<line number="435" hits="0"/>
						<line number="443" hits="0"/>
						<line number="444" hits="0"/>
						<line number="446" hits="0" branch="true" condition-coverage="0% (0/2)" missing-branches="447,454"/>
						<line number="447" hits="0"/>
						<line number="454" hits="0"/>
						<line number="461" hits="0"/>
						<line number="466" hits="0"/>
						<line number="467" hits="0"/>
						<line number="470" hits="0"/>
						<line number="472" hits="0"/>
						<line number="473" hits="0"/>
						<line number="474" hits="0"/>
						<line number="475" hits="0"/>
						<line number="477" hits="0"/>
						<line number="482" hits="0"/>
						<line number="483" hits="0"/>
						<line number="484" hits="0"/>
						<line number="487" hits="0"/>
						<line number="494" hits="0"/>
						<line number="504" hits="0"/>
					</lines>
				</class>
				<class name="health.py" filename="tasks/health.py" complexity="0" line-rate="0" branch-rate="0">
					<methods/>
					<lines>
						<line number="13" hits="0"/>
						<line number="14" hits="0"/>
						<line number="15" hits="0"/>
						<line number="16" hits="0"/>
						<line number="17" hits="0"/>
						<line number="19" hits="0"/>
						<line number="20" hits="0"/>
						<line number="21" hits="0"/>
						<line number="22" hits="0"/>
						<line number="23" hits="0"/>
						<line number="25" hits="0"/>
						<line number="26" hits="0"/>
						<line number="28" hits="0"/>
						<line number="35" hits="0"/>
						<line number="42" hits="0"/>
						<line number="54" hits="0"/>
						<line number="56" hits="0"/>
						<line number="57" hits="0"/>
						<line number="60" hits="0"/>
						<line number="64" hits="0"/>
						<line number="66" hits="0"/>
						<line number="68" hits="0"/>
						<line number="69" hits="0"/>
						<line number="70" hits="0"/>
						<line number="81" hits="0"/>
						<line number="88" hits="0"/>
						<line number="97" hits="0"/>
						<line number="99" hits="0"/>
						<line number="100" hits="0"/>
						<line number="101" hits="0"/>
						<line number="102" hits="0"/>
						<line number="103" hits="0"/>
						<line number="110" hits="0"/>
						<line number="111" hits="0"/>
						<line number="113" hits="0"/>
						<line number="114" hits="0"/>
						<line number="115" hits="0"/>
						<line number="116" hits="0"/>
						<line number="117" hits="0"/>
						<line number="120" hits="0"/>
						<line number="129" hits="0"/>
						<line number="132" hits="0"/>
						<line number="141" hits="0"/>
						<line number="142" hits="0" branch="true" condition-coverage="0% (0/2)" missing-branches="143,154"/>
						<line number="143" hits="0" branch="true" condition-coverage="0% (0/2)" missing-branches="144,146"/>
						<line number="144" hits="0"/>
						<line number="145" hits="0"/>
						<line number="146" hits="0"/>
						<line number="151" hits="0" branch="true" condition-coverage="0% (0/2)" missing-branches="142,152"/>
						<line number="152" hits="0"/>
						<line number="154" hits="0"/>
						<line number="163" hits="0"/>
						<line number="172" hits="0"/>
						<line number="180" hits="0"/>
						<line number="181" hits="0" branch="true" condition-coverage="0% (0/2)" missing-branches="182,188"/>
						<line number="182" hits="0"/>
						<line number="188" hits="0"/>
						<line number="189" hits="0"/>
						<line number="202" hits="0"/>
						<line number="204" hits="0"/>
						<line number="205" hits="0"/>
						<line number="207" hits="0"/>
						<line number="209" hits="0"/>
						<line number="215" hits="0"/>
						<line number="217" hits="0"/>
						<line number="218" hits="0"/>
						<line number="221" hits="0" branch="true" condition-coverage="0% (0/2)" missing-branches="223,241"/>
						<line number="223" hits="0"/>
						<line number="224" hits="0"/>
						<line number="225" hits="0"/>
						<line number="228" hits="0"/>
						<line number="231" hits="0"/>
						<line number="232" hits="0"/>
						<line number="235" hits="0"/>
						<line number="238" hits="0"/>
						<line number="239" hits="0"/>
						<line number="241" hits="0"/>
						<line number="243" hits="0"/>
						<line number="245" hits="0"/>
						<line number="253" hits="0"/>
						<line number="254" hits="0"/>
						<line number="255" hits="0"/>
						<line number="264" hits="0"/>
						<line number="266" hits="0"/>
						<line number="267" hits="0"/>
						<line number="269" hits="0"/>
						<line number="270" hits="0"/>
						<line number="273" hits="0"/>
						<line number="275" hits="0" branch="true" condition-coverage="0% (0/2)" missing-branches="277,286"/>
						<line number="277" hits="0"/>
						<line number="278" hits="0"/>
						<line number="279" hits="0"/>
						<line number="280" hits="0"/>
						<line number="283" hits="0"/>
						<line number="284" hits="0"/>
						<line number="286" hits="0"/>
						<line number="288" hits="0"/>
						<line number="290" hits="0"/>
						<line number="291" hits="0"/>
						<line number="299" hits="0"/>
						<line number="300" hits="0"/>
						<line number="301" hits="0"/>
						<line number="310" hits="0"/>
						<line number="312" hits="0"/>
						<line number="313" hits="0"/>
						<line number="315" hits="0"/>
						<line number="316" hits="0"/>
						<line number="322" hits="0"/>
						<line number="323" hits="0"/>
						<line number="325" hits="0" branch="true" condition-coverage="0% (0/2)" missing-branches="326,335"/>
						<line number="326" hits="0"/>
						<line number="327" hits="0"/>
						<line number="328" hits="0"/>
						<line number="331" hits="0"/>
						<line number="332" hits="0"/>
						<line number="333" hits="0"/>
						<line number="335" hits="0"/>
						<line number="337" hits="0"/>
						<line number="340" hits="0"/>
						<line number="342" hits="0"/>
						<line number="350" hits="0"/>
						<line number="351" hits="0"/>
						<line number="352" hits="0"/>
						<line number="361" hits="0"/>
						<line number="363" hits="0"/>
						<line number="364" hits="0"/>
						<line number="366" hits="0"/>
						<line number="367" hits="0"/>
						<line number="369" hits="0"/>
						<line number="370" hits="0"/>
						<line number="372" hits="0" branch="true" condition-coverage="0% (0/2)" missing-branches="373,389"/>
						<line number="373" hits="0" branch="true" condition-coverage="0% (0/2)" missing-branches="374,381"/>
						<line number="374" hits="0"/>
						<line number="375" hits="0"/>
						<line number="376" hits="0"/>
						<line number="377" hits="0"/>
						<line number="378" hits="0"/>
						<line number="379" hits="0"/>
						<line number="381" hits="0"/>
						<line number="389" hits="0"/>
						<line number="397" hits="0"/>
						<line number="398" hits="0"/>
						<line number="399" hits="0"/>
						<line number="406" hits="0"/>
						<line number="407" hits="0"/>
						<line number="408" hits="0"/>
						<line number="417" hits="0"/>
						<line number="419" hits="0"/>
						<line number="420" hits="0"/>
						<line number="422" hits="0"/>
						<line number="424" hits="0"/>
						<line number="426" hits="0"/>
						<line number="429" hits="0"/>
						<line number="433" hits="0"/>
						<line number="437" hits="0"/>
						<line number="439" hits="0" branch="true" condition-coverage="0% (0/2)" missing-branches="440,461"/>
						<line number="440" hits="0"/>
						<line number="442" hits="0" branch="true" condition-coverage="0% (0/2)" missing-branches="443,453"/>
						<line number="443" hits="0"/>
						<line number="444" hits="0"/>
						<line number="446" hits="0" branch="true" condition-coverage="0% (0/2)" missing-branches="447,453"/>
						<line number="447" hits="0"/>
						<line number="451" hits="0"/>
						<line number="453" hits="0"/>
						<line number="461" hits="0"/>
						<line number="469" hits="0"/>
						<line number="470" hits="0"/>
						<line number="471" hits="0"/>
						<line number="484" hits="0"/>
					</lines>
				</class>
				<class name="sync.py" filename="tasks/sync.py" complexity="0" line-rate="0" branch-rate="0">
					<methods/>
					<lines>
						<line number="9" hits="0"/>
						<line number="10" hits="0"/>
						<line number="11" hits="0"/>
						<line number="12" hits="0"/>
						<line number="13" hits="0"/>
						<line number="14" hits="0"/>
						<line number="15" hits="0"/>
						<line number="17" hits="0"/>
						<line number="18" hits="0"/>
						<line number="19" hits="0"/>
						<line number="21" hits="0"/>
						<line number="22" hits="0"/>
						<line number="23" hits="0"/>
						<line number="24" hits="0"/>
						<line number="25" hits="0"/>
						<line number="26" hits="0"/>
						<line number="27" hits="0"/>
						<line number="28" hits="0"/>
						<line number="36" hits="0"/>
						<line number="37" hits="0"/>
						<line number="38" hits="0"/>
						<line number="39" hits="0"/>
						<line number="40" hits="0"/>
						<line number="41" hits="0"/>
						<line number="42" hits="0"/>
						<line number="43" hits="0"/>
						<line number="45" hits="0"/>
						<line number="52" hits="0"/>
						<line number="60" hits="0"/>
						<line number="75" hits="0"/>
						<line number="76" hits="0"/>
						<line number="78" hits="0"/>
						<line number="80" hits="0"/>
						<line number="82" hits="0"/>
						<line number="84" hits="0"/>
						<line number="85" hits="0"/>
						<line number="87" hits="0"/>
						<line number="95" hits="0"/>
						<line number="96" hits="0"/>
						<line number="99" hits="0"/>
						<line number="102" hits="0" branch="true" condition-coverage="0% (0/2)" missing-branches="103,109"/>
						<line number="103" hits="0"/>
						<line number="104" hits="0"/>
						<line number="105" hits="0"/>
						<line number="106" hits="0"/>
						<line number="109" hits="0" branch="true" condition-coverage="0% (0/2)" missing-branches="110,114"/>
						<line number="110" hits="0"/>
						<line number="111" hits="0"/>
						<line number="114" hits="0"/>
						<line number="121" hits="0"/>
						<line number="131" hits="0"/>
						<line number="144" hits="0"/>
						<line number="146" hits="0"/>
						<line number="147" hits="0" branch="true" condition-coverage="0% (0/2)" missing-branches="148,150"/>
						<line number="148" hits="0"/>
						<line number="150" hits="0" branch="true" condition-coverage="0% (0/2)" missing-branches="151,155"/>
						<line number="151" hits="0"/>
						<line number="152" hits="0"/>
						<line number="155" hits="0"/>
						<line number="158" hits="0"/>
						<line number="159" hits="0"/>
						<line number="161" hits="0" branch="true" condition-coverage="0% (0/2)" missing-branches="162,167"/>
						<line number="162" hits="0"/>
						<line number="163" hits="0"/>
						<line number="164" hits="0"/>
						<line number="167" hits="0"/>
						<line number="168" hits="0"/>
						<line number="169" hits="0"/>
						<line number="170" hits="0"/>
						<line number="172" hits="0" branch="true" condition-coverage="0% (0/2)" missing-branches="173,237"/>
						<line number="173" hits="0"/>
						<line number="175" hits="0"/>
						<line number="176" hits="0"/>
						<line number="179" hits="0"/>
						<line number="180" hits="0" branch="true" condition-coverage="0% (0/2)" missing-branches="181,183"/>
						<line number="181" hits="0"/>
						<line number="182" hits="0"/>
						<line number="183" hits="0"/>
						<line number="186" hits="0" branch="true" condition-coverage="0% (0/2)" missing-branches="187,226"/>
						<line number="187" hits="0"/>
						<line number="189" hits="0"/>
						<line number="192" hits="0"/>
						<line number="193" hits="0" branch="true" condition-coverage="0% (0/2)" missing-branches="194,199"/>
						<line number="194" hits="0"/>
						<line number="195" hits="0"/>
						<line number="196" hits="0"/>
						<line number="199" hits="0"/>
						<line number="204" hits="0"/>
						<line number="210" hits="0"/>
						<line number="211" hits="0"/>
						<line number="213" hits="0"/>
						<line number="214" hits="0"/>
						<line number="215" hits="0"/>
						<line number="221" hits="0"/>
						<line number="226" hits="0"/>
						<line number="228" hits="0"/>
						<line number="229" hits="0"/>
						<line number="230" hits="0"/>
						<line number="231" hits="0"/>
						<line number="237" hits="0"/>
						<line number="243" hits="0"/>
						<line number="245" hits="0"/>
						<line number="247" hits="0"/>
						<line number="250" hits="0"/>
						<line number="252" hits="0"/>
						<line number="255" hits="0"/>
						<line number="258" hits="0"/>
						<line number="264" hits="0"/>
						<line number="271" hits="0"/>
						<line number="272" hits="0"/>
						<line number="273" hits="0"/>
						<line number="276" hits="0"/>
						<line number="282" hits="0"/>
						<line number="283" hits="0"/>
						<line number="284" hits="0"/>
						<line number="287" hits="0"/>
						<line number="289" hits="0"/>
						<line number="292" hits="0"/>
						<line number="294" hits="0" branch="true" condition-coverage="0% (0/2)" missing-branches="exit,295"/>
						<line number="295" hits="0"/>
						<line number="296" hits="0" branch="true" condition-coverage="0% (0/2)" missing-branches="297,301"/>
						<line number="297" hits="0"/>
						<line number="298" hits="0"/>
						<line number="299" hits="0"/>
						<line number="301" hits="0"/>
						<line number="302" hits="0"/>
						<line number="303" hits="0"/>
						<line number="305" hits="0" branch="true" condition-coverage="0% (0/2)" missing-branches="306,308"/>
						<line number="306" hits="0"/>
						<line number="308" hits="0"/>
						<line number="315" hits="0"/>
						<line number="317" hits="0"/>
						<line number="319" hits="0"/>
						<line number="327" hits="0"/>
						<line number="330" hits="0"/>
						<line number="332" hits="0"/>
						<line number="338" hits="0"/>
						<line number="341" hits="0"/>
						<line number="343" hits="0" branch="true" condition-coverage="0% (0/2)" missing-branches="344,346"/>
						<line number="344" hits="0"/>
						<line number="345" hits="0"/>
						<line number="346" hits="0" branch="true" condition-coverage="0% (0/2)" missing-branches="347,349"/>
						<line number="347" hits="0"/>
						<line number="348" hits="0"/>
						<line number="349" hits="0" branch="true" condition-coverage="0% (0/2)" missing-branches="350,354"/>
						<line number="350" hits="0"/>
						<line number="351" hits="0"/>
						<line number="354" hits="0"/>
						<line number="355" hits="0"/>
						<line number="357" hits="0" branch="true" condition-coverage="0% (0/2)" missing-branches="358,360"/>
						<line number="358" hits="0"/>
						<line number="360" hits="0"/>
						<line number="363" hits="0"/>
						<line number="365" hits="0"/>
						<line number="366" hits="0"/>
						<line number="369" hits="0"/>
						<line number="378" hits="0"/>
						<line number="390" hits="0"/>
						<line number="391" hits="0"/>
						<line number="398" hits="0"/>
						<line number="408" hits="0"/>
						<line number="409" hits="0"/>
						<line number="417" hits="0"/>
						<line number="425" hits="0"/>
						<line number="436" hits="0"/>
						<line number="447" hits="0"/>
						<line number="450" hits="0" branch="true" condition-coverage="0% (0/2)" missing-branches="451,454"/>
						<line number="451" hits="0"/>
						<line number="454" hits="0" branch="true" condition-coverage="0% (0/2)" missing-branches="455,458"/>
						<line number="455" hits="0"/>
						<line number="458" hits="0"/>
						<line number="459" hits="0" branch="true" condition-coverage="0% (0/2)" missing-branches="460,461"/>
						<line number="460" hits="0"/>
						<line number="461" hits="0" branch="true" condition-coverage="0% (0/2)" missing-branches="462,465"/>
						<line number="462" hits="0"/>
						<line number="465" hits="0"/>
						<line number="468" hits="0"/>
						<line number="470" hits="0"/>
						<line number="471" hits="0"/>
						<line number="473" hits="0"/>
						<line number="474" hits="0"/>
						<line number="483" hits="0"/>
						<line number="484" hits="0"/>
						<line number="485" hits="0"/>
						<line number="488" hits="0"/>
						<line number="497" hits="0"/>
						<line number="498" hits="0"/>
						<line number="500" hits="0"/>
						<line number="510" hits="0"/>
						<line number="511" hits="0"/>
						<line number="512" hits="0"/>
						<line number="519" hits="0"/>
						<line number="525" hits="0"/>
						<line number="542" hits="0"/>
						<line number="545" hits="0"/>
						<line number="551" hits="0"/>
						<line number="552" hits="0"/>
						<line number="554" hits="0"/>
						<line number="555" hits="0"/>
						<line number="557" hits="0"/>
						<line number="558" hits="0"/>
						<line number="560" hits="0"/>
						<line number="561" hits="0" branch="true" condition-coverage="0% (0/2)" missing-branches="562,564"/>
						<line number="562" hits="0"/>
						<line number="564" hits="0"/>
						<line number="566" hits="0"/>
						<line number="571" hits="0"/>
						<line number="572" hits="0"/>
						<line number="579" hits="0"/>
						<line number="581" hits="0"/>
						<line number="592" hits="0"/>
						<line number="594" hits="0"/>
						<line number="596" hits="0" branch="true" condition-coverage="0% (0/2)" missing-branches="597,608"/>
						<line number="597" hits="0"/>
						<line number="601" hits="0"/>
						<line number="608" hits="0"/>
						<line number="609" hits="0"/>
						<line number="617" hits="0"/>
						<line number="618" hits="0"/>
						<line number="621" hits="0"/>
						<line number="623" hits="0" branch="true" condition-coverage="0% (0/2)" missing-branches="625,628"/>
						<line number="625" hits="0"/>
						<line number="628" hits="0"/>
						<line number="635" hits="0"/>
					</lines>
				</class>
			</classes>
		</package>
	</packages>
</coverage>
